<?xml version="1.0" encoding="UTF-8"?>
<!-- Generated by org.testng.reporters.JUnitXMLReporter -->
<testsuite ignored="0" hostname="LAPTOP" failures="1" tests="7" name="Test" time="400.056" errors="0" timestamp="2023-05-20T19:16:56 IST">
  <testcase classname="com.qalegend.testscripts.LoginTest" name="TC001_verifyLoginTitle" time="0.031">
    <skipped/>
  </testcase> <!-- TC001_verifyLoginTitle -->
  <testcase classname="com.qalegend.testscripts.LoginTest" name="TC001_verifyLoginTitle" time="0.006">
    <skipped/>
  </testcase> <!-- TC001_verifyLoginTitle -->
  <testcase classname="com.qalegend.testscripts.LoginTest" name="TC001_verifyLoginTitle" time="0.01">
    <skipped/>
  </testcase> <!-- TC001_verifyLoginTitle -->
  <testcase classname="com.qalegend.testscripts.LoginTest" name="TC001_verifyLoginTitle" time="0.014">
    <failure type="java.lang.AssertionError" message="expected [true] but found [false]">
      <![CDATA[java.lang.AssertionError: expected [true] but found [false]
at com.qalegend.testscripts.LoginTest.TC001_verifyLoginTitle(LoginTest.java:49)
at java.base/java.util.ArrayList.forEach(ArrayList.java:1511)
... Removed 31 stack frames]]>
    </failure>
  </testcase> <!-- TC001_verifyLoginTitle -->
  <testcase classname="com.qalegend.testscripts.LoginTest" name="TC002_verifyLogin" time="305.282"/>
  <testcase classname="com.qalegend.testscripts.LoginTest" name="TC003_verifyInvalidLogin" time="2.281"/>
  <testcase classname="com.qalegend.testscripts.LoginTest" name="TC004_rememberMeCheckBox" time="0.42"/>
</testsuite> <!-- Test -->
